\BOOKMARK [0][-]{chapter*.1}{\376\377\000D\000\351\000d\000i\000c\000a\000c\000e}{}% 1
\BOOKMARK [0][-]{chapter*.2}{\376\377\000R\000e\000m\000e\000r\000c\000i\000e\000m\000e\000n\000t\000s}{}% 2
\BOOKMARK [0][-]{chapter*.3}{\376\377\000R\000e\000s\000u\000m\000e}{}% 3
\BOOKMARK [0][-]{chapter.1}{\376\377\000I\000n\000t\000r\000o\000d\000u\000c\000t\000i\000o\000n\000\040\000G\000\351\000n\000\351\000r\000a\000l\000e}{}% 4
\BOOKMARK [1][-]{section.1.1}{\376\377\000C\000o\000n\000t\000e\000x\000t\000e\000\040\000d\000u\000\040\000P\000r\000o\000j\000e\000t}{chapter.1}% 5
\BOOKMARK [1][-]{section.1.2}{\376\377\000P\000r\000o\000b\000l\000\351\000m\000a\000t\000i\000q\000u\000e}{chapter.1}% 6
\BOOKMARK [1][-]{section.1.3}{\376\377\000O\000b\000j\000e\000c\000t\000i\000f\000s\000\040\000d\000u\000\040\000P\000r\000o\000j\000e\000t}{chapter.1}% 7
\BOOKMARK [2][-]{subsection.1.3.1}{\376\377\000O\000b\000j\000e\000c\000t\000i\000f\000s\000\040\000F\000o\000n\000c\000t\000i\000o\000n\000n\000e\000l\000s}{section.1.3}% 8
\BOOKMARK [2][-]{subsection.1.3.2}{\376\377\000O\000b\000j\000e\000c\000t\000i\000f\000s\000\040\000T\000e\000c\000h\000n\000i\000q\000u\000e\000s}{section.1.3}% 9
\BOOKMARK [1][-]{section.1.4}{\376\377\000P\000\351\000r\000i\000m\000\350\000t\000r\000e\000\040\000e\000t\000\040\000L\000i\000m\000i\000t\000e\000s}{chapter.1}% 10
\BOOKMARK [2][-]{subsection.1.4.1}{\376\377\000P\000\351\000r\000i\000m\000\350\000t\000r\000e\000\040\000d\000u\000\040\000P\000r\000o\000j\000e\000t}{section.1.4}% 11
\BOOKMARK [2][-]{subsection.1.4.2}{\376\377\000L\000i\000m\000i\000t\000e\000s}{section.1.4}% 12
\BOOKMARK [1][-]{section.1.5}{\376\377\000O\000r\000g\000a\000n\000i\000s\000a\000t\000i\000o\000n\000\040\000d\000u\000\040\000R\000a\000p\000p\000o\000r\000t}{chapter.1}% 13
\BOOKMARK [0][-]{chapter.2}{\376\377\000\311\000t\000a\000t\000\040\000d\000e\000\040\000l\000'\000A\000r\000t}{}% 14
\BOOKMARK [1][-]{section.2.1}{\376\377\000I\000n\000t\000r\000o\000d\000u\000c\000t\000i\000o\000n}{chapter.2}% 15
\BOOKMARK [1][-]{section.2.2}{\376\377\000\311\000t\000u\000d\000e\000\040\000d\000e\000s\000\040\000P\000l\000a\000t\000e\000f\000o\000r\000m\000e\000s\000\040\000E\000-\000C\000o\000m\000m\000e\000r\000c\000e\000\040\000E\000x\000i\000s\000t\000a\000n\000t\000e\000s}{chapter.2}% 16
\BOOKMARK [2][-]{subsection.2.2.1}{\376\377\000P\000l\000a\000t\000e\000f\000o\000r\000m\000e\000s\000\040\000I\000n\000t\000e\000r\000n\000a\000t\000i\000o\000n\000a\000l\000e\000s}{section.2.2}% 17
\BOOKMARK [2][-]{subsection.2.2.2}{\376\377\000P\000l\000a\000t\000e\000f\000o\000r\000m\000e\000s\000\040\000R\000\351\000g\000i\000o\000n\000a\000l\000e\000s\000\040\000e\000t\000\040\000T\000u\000n\000i\000s\000i\000e\000n\000n\000e\000s}{section.2.2}% 18
\BOOKMARK [2][-]{subsection.2.2.3}{\376\377\000T\000a\000b\000l\000e\000a\000u\000\040\000C\000o\000m\000p\000a\000r\000a\000t\000i\000f}{section.2.2}% 19
\BOOKMARK [1][-]{section.2.3}{\376\377\000I\000n\000t\000e\000l\000l\000i\000g\000e\000n\000c\000e\000\040\000A\000r\000t\000i\000f\000i\000c\000i\000e\000l\000l\000e\000\040\000d\000a\000n\000s\000\040\000l\000'\000E\000-\000C\000o\000m\000m\000e\000r\000c\000e}{chapter.2}% 20
\BOOKMARK [2][-]{subsection.2.3.1}{\376\377\000R\000e\000c\000o\000n\000n\000a\000i\000s\000s\000a\000n\000c\000e\000\040\000d\000'\000I\000m\000a\000g\000e\000s}{section.2.3}% 21
\BOOKMARK [2][-]{subsection.2.3.2}{\376\377\000S\000y\000s\000t\000\350\000m\000e\000s\000\040\000d\000e\000\040\000R\000e\000c\000o\000m\000m\000a\000n\000d\000a\000t\000i\000o\000n}{section.2.3}% 22
\BOOKMARK [1][-]{section.2.4}{\376\377\000T\000e\000c\000h\000n\000o\000l\000o\000g\000i\000e\000s\000\040\000e\000t\000\040\000F\000r\000a\000m\000e\000w\000o\000r\000k\000s}{chapter.2}% 23
\BOOKMARK [2][-]{subsection.2.4.1}{\376\377\000F\000r\000o\000n\000t\000e\000n\000d\000\040\000:\000\040\000A\000n\000g\000u\000l\000a\000r}{section.2.4}% 24
\BOOKMARK [2][-]{subsection.2.4.2}{\376\377\000M\000o\000b\000i\000l\000e\000\040\000:\000\040\000K\000o\000t\000l\000i\000n\000\040\000A\000n\000d\000r\000o\000i\000d}{section.2.4}% 25
\BOOKMARK [2][-]{subsection.2.4.3}{\376\377\000B\000a\000c\000k\000e\000n\000d\000\040\000:\000\040\000S\000p\000r\000i\000n\000g\000\040\000B\000o\000o\000t}{section.2.4}% 26
\BOOKMARK [2][-]{subsection.2.4.4}{\376\377\000B\000a\000s\000e\000\040\000d\000e\000\040\000D\000o\000n\000n\000\351\000e\000s\000\040\000:\000\040\000P\000o\000s\000t\000g\000r\000e\000S\000Q\000L}{section.2.4}% 27
\BOOKMARK [2][-]{subsection.2.4.5}{\376\377\000M\000o\000d\000u\000l\000e\000\040\000I\000A\000\040\000:\000\040\000F\000a\000s\000t\000A\000P\000I\000\040\000e\000t\000\040\000T\000e\000n\000s\000o\000r\000F\000l\000o\000w}{section.2.4}% 28
\BOOKMARK [2][-]{subsection.2.4.6}{\376\377\000A\000u\000t\000r\000e\000s\000\040\000T\000e\000c\000h\000n\000o\000l\000o\000g\000i\000e\000s}{section.2.4}% 29
\BOOKMARK [1][-]{section.2.5}{\376\377\000C\000o\000n\000c\000l\000u\000s\000i\000o\000n}{chapter.2}% 30
\BOOKMARK [0][-]{chapter.3}{\376\377\000M\000\351\000t\000h\000o\000d\000o\000l\000o\000g\000i\000e\000\040\000e\000t\000\040\000G\000e\000s\000t\000i\000o\000n\000\040\000d\000e\000\040\000P\000r\000o\000j\000e\000t}{}% 31
\BOOKMARK [1][-]{section.3.1}{\376\377\000I\000n\000t\000r\000o\000d\000u\000c\000t\000i\000o\000n}{chapter.3}% 32
\BOOKMARK [1][-]{section.3.2}{\376\377\000M\000\351\000t\000h\000o\000d\000o\000l\000o\000g\000i\000e\000\040\000S\000c\000r\000u\000m}{chapter.3}% 33
\BOOKMARK [2][-]{subsection.3.2.1}{\376\377\000P\000r\000\351\000s\000e\000n\000t\000a\000t\000i\000o\000n\000\040\000d\000e\000\040\000S\000c\000r\000u\000m}{section.3.2}% 34
\BOOKMARK [2][-]{subsection.3.2.2}{\376\377\000R\000\364\000l\000e\000s\000\040\000S\000c\000r\000u\000m}{section.3.2}% 35
\BOOKMARK [2][-]{subsection.3.2.3}{\376\377\000C\000\351\000r\000\351\000m\000o\000n\000i\000e\000s\000\040\000S\000c\000r\000u\000m}{section.3.2}% 36
\BOOKMARK [2][-]{subsection.3.2.4}{\376\377\000A\000r\000t\000e\000f\000a\000c\000t\000s\000\040\000S\000c\000r\000u\000m}{section.3.2}% 37
\BOOKMARK [1][-]{section.3.3}{\376\377\000O\000r\000g\000a\000n\000i\000s\000a\000t\000i\000o\000n\000\040\000d\000e\000s\000\040\000S\000p\000r\000i\000n\000t\000s}{chapter.3}% 38
\BOOKMARK [1][-]{section.3.4}{\376\377\000E\000n\000v\000i\000r\000o\000n\000n\000e\000m\000e\000n\000t\000\040\000d\000e\000\040\000D\000\351\000v\000e\000l\000o\000p\000p\000e\000m\000e\000n\000t}{chapter.3}% 39
\BOOKMARK [2][-]{subsection.3.4.1}{\376\377\000O\000u\000t\000i\000l\000s\000\040\000d\000e\000\040\000D\000\351\000v\000e\000l\000o\000p\000p\000e\000m\000e\000n\000t}{section.3.4}% 40
\BOOKMARK [2][-]{subsection.3.4.2}{\376\377\000C\000o\000n\000f\000i\000g\000u\000r\000a\000t\000i\000o\000n\000\040\000d\000e\000s\000\040\000E\000n\000v\000i\000r\000o\000n\000n\000e\000m\000e\000n\000t\000s}{section.3.4}% 41
\BOOKMARK [1][-]{section.3.5}{\376\377\000A\000r\000c\000h\000i\000t\000e\000c\000t\000u\000r\000e\000\040\000G\000l\000o\000b\000a\000l\000e\000\040\000d\000u\000\040\000S\000y\000s\000t\000\350\000m\000e}{chapter.3}% 42
\BOOKMARK [2][-]{subsection.3.5.1}{\376\377\000A\000r\000c\000h\000i\000t\000e\000c\000t\000u\000r\000e\000\040\000e\000n\000\040\000C\000o\000u\000c\000h\000e\000s}{section.3.5}% 43
\BOOKMARK [2][-]{subsection.3.5.2}{\376\377\000D\000i\000a\000g\000r\000a\000m\000m\000e\000\040\000d\000e\000\040\000D\000\351\000p\000l\000o\000i\000e\000m\000e\000n\000t}{section.3.5}% 44
\BOOKMARK [1][-]{section.3.6}{\376\377\000S\000t\000a\000c\000k\000\040\000T\000e\000c\000h\000n\000o\000l\000o\000g\000i\000q\000u\000e\000\040\000D\000\351\000t\000a\000i\000l\000l\000\351\000e}{chapter.3}% 45
\BOOKMARK [2][-]{subsection.3.6.1}{\376\377\000F\000r\000o\000n\000t\000e\000n\000d}{section.3.6}% 46
\BOOKMARK [2][-]{subsection.3.6.2}{\376\377\000B\000a\000c\000k\000e\000n\000d}{section.3.6}% 47
\BOOKMARK [2][-]{subsection.3.6.3}{\376\377\000M\000o\000d\000u\000l\000e\000\040\000I\000A}{section.3.6}% 48
\BOOKMARK [1][-]{section.3.7}{\376\377\000G\000e\000s\000t\000i\000o\000n\000\040\000d\000e\000\040\000l\000a\000\040\000Q\000u\000a\000l\000i\000t\000\351}{chapter.3}% 49
\BOOKMARK [2][-]{subsection.3.7.1}{\376\377\000S\000t\000a\000n\000d\000a\000r\000d\000s\000\040\000d\000e\000\040\000C\000o\000d\000e}{section.3.7}% 50
\BOOKMARK [2][-]{subsection.3.7.2}{\376\377\000R\000e\000v\000u\000e\000\040\000d\000e\000\040\000C\000o\000d\000e}{section.3.7}% 51
\BOOKMARK [2][-]{subsection.3.7.3}{\376\377\000T\000e\000s\000t\000s}{section.3.7}% 52
\BOOKMARK [1][-]{section.3.8}{\376\377\000C\000o\000n\000c\000l\000u\000s\000i\000o\000n}{chapter.3}% 53
\BOOKMARK [0][-]{chapter.4}{\376\377\000S\000p\000r\000i\000n\000t\000\040\0001\000\040\000:\000\040\000F\000o\000n\000d\000a\000t\000i\000o\000n\000\040\000e\000t\000\040\000A\000u\000t\000h\000e\000n\000t\000i\000f\000i\000c\000a\000t\000i\000o\000n}{}% 54
\BOOKMARK [1][-]{section.4.1}{\376\377\000P\000r\000e\000s\000e\000n\000t\000a\000t\000i\000o\000n\000\040\000d\000u\000\040\000S\000p\000r\000i\000n\000t}{chapter.4}% 55
\BOOKMARK [2][-]{subsection.4.1.1}{\376\377\000O\000b\000j\000e\000c\000t\000i\000f\000s}{section.4.1}% 56
\BOOKMARK [2][-]{subsection.4.1.2}{\376\377\000O\000b\000j\000e\000c\000t\000i\000f\000s\000\040\000D\000e\000t\000a\000i\000l\000l\000e\000s}{section.4.1}% 57
\BOOKMARK [1][-]{section.4.2}{\376\377\000S\000p\000r\000i\000n\000t\000\040\000B\000a\000c\000k\000l\000o\000g}{chapter.4}% 58
\BOOKMARK [1][-]{section.4.3}{\376\377\000A\000n\000a\000l\000y\000s\000e\000\040\000e\000t\000\040\000C\000o\000n\000c\000e\000p\000t\000i\000o\000n}{chapter.4}% 59
\BOOKMARK [2][-]{subsection.4.3.1}{\376\377\000D\000i\000a\000g\000r\000a\000m\000m\000e\000\040\000d\000e\000\040\000C\000a\000s\000\040\000d\000'\000U\000t\000i\000l\000i\000s\000a\000t\000i\000o\000n}{section.4.3}% 60
\BOOKMARK [2][-]{subsection.4.3.2}{\376\377\000D\000i\000a\000g\000r\000a\000m\000m\000e\000\040\000d\000e\000\040\000C\000l\000a\000s\000s\000e\000s}{section.4.3}% 61
\BOOKMARK [2][-]{subsection.4.3.3}{\376\377\000D\000i\000a\000g\000r\000a\000m\000m\000e\000\040\000d\000e\000\040\000S\000e\000q\000u\000e\000n\000c\000e}{section.4.3}% 62
\BOOKMARK [1][-]{section.4.4}{\376\377\000R\000e\000a\000l\000i\000s\000a\000t\000i\000o\000n}{chapter.4}% 63
\BOOKMARK [2][-]{subsection.4.4.1}{\376\377\000A\000r\000c\000h\000i\000t\000e\000c\000t\000u\000r\000e\000\040\000d\000'\000A\000u\000t\000h\000e\000n\000t\000i\000f\000i\000c\000a\000t\000i\000o\000n}{section.4.4}% 64
\BOOKMARK [2][-]{subsection.4.4.2}{\376\377\000G\000e\000s\000t\000i\000o\000n\000\040\000d\000e\000s\000\040\000R\000o\000l\000e\000s}{section.4.4}% 65
\BOOKMARK [1][-]{section.4.5}{\376\377\000B\000i\000l\000a\000n\000\040\000d\000u\000\040\000S\000p\000r\000i\000n\000t}{chapter.4}% 66
\BOOKMARK [0][-]{chapter.5}{\376\377\000S\000p\000r\000i\000n\000t\000\040\0002\000\040\000:\000\040\000G\000e\000s\000t\000i\000o\000n\000\040\000d\000e\000s\000\040\000P\000r\000o\000d\000u\000i\000t\000s\000\040\000e\000t\000\040\000C\000a\000t\000a\000l\000o\000g\000u\000e}{}% 67
\BOOKMARK [1][-]{section.5.1}{\376\377\000P\000r\000e\000s\000e\000n\000t\000a\000t\000i\000o\000n\000\040\000d\000u\000\040\000S\000p\000r\000i\000n\000t}{chapter.5}% 68
\BOOKMARK [2][-]{subsection.5.1.1}{\376\377\000O\000b\000j\000e\000c\000t\000i\000f\000s}{section.5.1}% 69
\BOOKMARK [1][-]{section.5.2}{\376\377\000S\000p\000r\000i\000n\000t\000\040\000B\000a\000c\000k\000l\000o\000g}{chapter.5}% 70
\BOOKMARK [1][-]{section.5.3}{\376\377\000A\000n\000a\000l\000y\000s\000e\000\040\000e\000t\000\040\000C\000o\000n\000c\000e\000p\000t\000i\000o\000n}{chapter.5}% 71
\BOOKMARK [2][-]{subsection.5.3.1}{\376\377\000D\000i\000a\000g\000r\000a\000m\000m\000e\000\040\000d\000e\000\040\000C\000a\000s\000\040\000d\000'\000U\000t\000i\000l\000i\000s\000a\000t\000i\000o\000n}{section.5.3}% 72
\BOOKMARK [2][-]{subsection.5.3.2}{\376\377\000D\000i\000a\000g\000r\000a\000m\000m\000e\000\040\000d\000e\000\040\000C\000l\000a\000s\000s\000e\000s}{section.5.3}% 73
\BOOKMARK [2][-]{subsection.5.3.3}{\376\377\000D\000i\000a\000g\000r\000a\000m\000m\000e\000\040\000d\000e\000\040\000S\000e\000q\000u\000e\000n\000c\000e}{section.5.3}% 74
\BOOKMARK [1][-]{section.5.4}{\376\377\000R\000e\000a\000l\000i\000s\000a\000t\000i\000o\000n}{chapter.5}% 75
\BOOKMARK [2][-]{subsection.5.4.1}{\376\377\000A\000r\000c\000h\000i\000t\000e\000c\000t\000u\000r\000e\000\040\000d\000u\000\040\000C\000a\000t\000a\000l\000o\000g\000u\000e}{section.5.4}% 76
\BOOKMARK [1][-]{section.5.5}{\376\377\000B\000i\000l\000a\000n\000\040\000d\000u\000\040\000S\000p\000r\000i\000n\000t}{chapter.5}% 77
\BOOKMARK [0][-]{chapter.6}{\376\377\000S\000p\000r\000i\000n\000t\000\040\0003\000\040\000:\000\040\000P\000a\000n\000i\000e\000r\000\040\000e\000t\000\040\000G\000e\000s\000t\000i\000o\000n\000\040\000d\000e\000s\000\040\000C\000o\000m\000m\000a\000n\000d\000e\000s}{}% 78
\BOOKMARK [1][-]{section.6.1}{\376\377\000P\000r\000e\000s\000e\000n\000t\000a\000t\000i\000o\000n\000\040\000d\000u\000\040\000S\000p\000r\000i\000n\000t}{chapter.6}% 79
\BOOKMARK [2][-]{subsection.6.1.1}{\376\377\000O\000b\000j\000e\000c\000t\000i\000f\000s}{section.6.1}% 80
\BOOKMARK [1][-]{section.6.2}{\376\377\000S\000p\000r\000i\000n\000t\000\040\000B\000a\000c\000k\000l\000o\000g}{chapter.6}% 81
\BOOKMARK [1][-]{section.6.3}{\376\377\000A\000n\000a\000l\000y\000s\000e\000\040\000e\000t\000\040\000C\000o\000n\000c\000e\000p\000t\000i\000o\000n}{chapter.6}% 82
\BOOKMARK [2][-]{subsection.6.3.1}{\376\377\000D\000i\000a\000g\000r\000a\000m\000m\000e\000\040\000d\000e\000\040\000C\000a\000s\000\040\000d\000'\000U\000t\000i\000l\000i\000s\000a\000t\000i\000o\000n}{section.6.3}% 83
\BOOKMARK [2][-]{subsection.6.3.2}{\376\377\000D\000i\000a\000g\000r\000a\000m\000m\000e\000\040\000d\000e\000\040\000C\000l\000a\000s\000s\000e\000s}{section.6.3}% 84
\BOOKMARK [2][-]{subsection.6.3.3}{\376\377\000D\000i\000a\000g\000r\000a\000m\000m\000e\000\040\000d\000e\000\040\000S\000e\000q\000u\000e\000n\000c\000e}{section.6.3}% 85
\BOOKMARK [1][-]{section.6.4}{\376\377\000R\000e\000a\000l\000i\000s\000a\000t\000i\000o\000n}{chapter.6}% 86
\BOOKMARK [2][-]{subsection.6.4.1}{\376\377\000C\000y\000c\000l\000e\000\040\000d\000e\000\040\000V\000i\000e\000\040\000d\000e\000s\000\040\000C\000o\000m\000m\000a\000n\000d\000e\000s}{section.6.4}% 87
\BOOKMARK [1][-]{section.6.5}{\376\377\000B\000i\000l\000a\000n\000\040\000d\000u\000\040\000S\000p\000r\000i\000n\000t}{chapter.6}% 88
\BOOKMARK [0][-]{chapter.7}{\376\377\000S\000p\000r\000i\000n\000t\000\040\0004\000\040\000:\000\040\000P\000a\000i\000e\000m\000e\000n\000t\000\040\000S\000t\000r\000i\000p\000e\000\040\000e\000t\000\040\000G\000e\000s\000t\000i\000o\000n\000\040\000d\000'\000I\000n\000v\000e\000n\000t\000a\000i\000r\000e}{}% 89
\BOOKMARK [1][-]{section.7.1}{\376\377\000P\000r\000e\000s\000e\000n\000t\000a\000t\000i\000o\000n\000\040\000d\000u\000\040\000S\000p\000r\000i\000n\000t}{chapter.7}% 90
\BOOKMARK [2][-]{subsection.7.1.1}{\376\377\000O\000b\000j\000e\000c\000t\000i\000f\000s}{section.7.1}% 91
\BOOKMARK [1][-]{section.7.2}{\376\377\000S\000p\000r\000i\000n\000t\000\040\000B\000a\000c\000k\000l\000o\000g}{chapter.7}% 92
\BOOKMARK [1][-]{section.7.3}{\376\377\000A\000n\000a\000l\000y\000s\000e\000\040\000e\000t\000\040\000C\000o\000n\000c\000e\000p\000t\000i\000o\000n}{chapter.7}% 93
\BOOKMARK [2][-]{subsection.7.3.1}{\376\377\000D\000i\000a\000g\000r\000a\000m\000m\000e\000\040\000d\000e\000\040\000C\000a\000s\000\040\000d\000'\000U\000t\000i\000l\000i\000s\000a\000t\000i\000o\000n}{section.7.3}% 94
\BOOKMARK [2][-]{subsection.7.3.2}{\376\377\000D\000i\000a\000g\000r\000a\000m\000m\000e\000\040\000d\000e\000\040\000C\000l\000a\000s\000s\000e\000s}{section.7.3}% 95
\BOOKMARK [2][-]{subsection.7.3.3}{\376\377\000D\000i\000a\000g\000r\000a\000m\000m\000e\000\040\000d\000e\000\040\000S\000e\000q\000u\000e\000n\000c\000e}{section.7.3}% 96
\BOOKMARK [1][-]{section.7.4}{\376\377\000R\000e\000a\000l\000i\000s\000a\000t\000i\000o\000n}{chapter.7}% 97
\BOOKMARK [2][-]{subsection.7.4.1}{\376\377\000I\000n\000t\000e\000g\000r\000a\000t\000i\000o\000n\000\040\000S\000t\000r\000i\000p\000e}{section.7.4}% 98
\BOOKMARK [1][-]{section.7.5}{\376\377\000B\000i\000l\000a\000n\000\040\000d\000u\000\040\000S\000p\000r\000i\000n\000t}{chapter.7}% 99
\BOOKMARK [0][-]{chapter.8}{\376\377\000S\000p\000r\000i\000n\000t\000\040\0005\000\040\000:\000\040\000M\000o\000d\000u\000l\000e\000\040\000d\000'\000I\000n\000t\000e\000l\000l\000i\000g\000e\000n\000c\000e\000\040\000A\000r\000t\000i\000f\000i\000c\000i\000e\000l\000l\000e}{}% 100
\BOOKMARK [1][-]{section.8.1}{\376\377\000P\000r\000e\000s\000e\000n\000t\000a\000t\000i\000o\000n\000\040\000d\000u\000\040\000S\000p\000r\000i\000n\000t}{chapter.8}% 101
\BOOKMARK [2][-]{subsection.8.1.1}{\376\377\000O\000b\000j\000e\000c\000t\000i\000f\000s}{section.8.1}% 102
\BOOKMARK [1][-]{section.8.2}{\376\377\000S\000p\000r\000i\000n\000t\000\040\000B\000a\000c\000k\000l\000o\000g}{chapter.8}% 103
\BOOKMARK [1][-]{section.8.3}{\376\377\000A\000n\000a\000l\000y\000s\000e\000\040\000e\000t\000\040\000C\000o\000n\000c\000e\000p\000t\000i\000o\000n}{chapter.8}% 104
\BOOKMARK [2][-]{subsection.8.3.1}{\376\377\000D\000i\000a\000g\000r\000a\000m\000m\000e\000\040\000d\000e\000\040\000C\000a\000s\000\040\000d\000'\000U\000t\000i\000l\000i\000s\000a\000t\000i\000o\000n}{section.8.3}% 105
\BOOKMARK [2][-]{subsection.8.3.2}{\376\377\000D\000i\000a\000g\000r\000a\000m\000m\000e\000\040\000d\000e\000\040\000C\000l\000a\000s\000s\000e\000s\000\040\000-\000\040\000B\000a\000c\000k\000e\000n\000d}{section.8.3}% 106
\BOOKMARK [2][-]{subsection.8.3.3}{\376\377\000D\000i\000a\000g\000r\000a\000m\000m\000e\000\040\000d\000e\000\040\000C\000l\000a\000s\000s\000e\000s\000\040\000-\000\040\000M\000o\000d\000u\000l\000e\000\040\000P\000y\000t\000h\000o\000n}{section.8.3}% 107
\BOOKMARK [2][-]{subsection.8.3.4}{\376\377\000D\000i\000a\000g\000r\000a\000m\000m\000e\000\040\000d\000e\000\040\000S\000e\000q\000u\000e\000n\000c\000e}{section.8.3}% 108
\BOOKMARK [1][-]{section.8.4}{\376\377\000R\000e\000a\000l\000i\000s\000a\000t\000i\000o\000n}{chapter.8}% 109
\BOOKMARK [2][-]{subsection.8.4.1}{\376\377\000M\000o\000d\000e\000l\000e\000\040\000d\000e\000\040\000C\000l\000a\000s\000s\000i\000f\000i\000c\000a\000t\000i\000o\000n}{section.8.4}% 110
\BOOKMARK [1][-]{section.8.5}{\376\377\000B\000i\000l\000a\000n\000\040\000d\000u\000\040\000S\000p\000r\000i\000n\000t}{chapter.8}% 111
\BOOKMARK [0][-]{chapter.9}{\376\377\000S\000p\000r\000i\000n\000t\000\040\0006\000\040\000:\000\040\000C\000h\000a\000t\000\040\000S\000u\000p\000p\000o\000r\000t\000,\000\040\000L\000i\000v\000r\000a\000i\000s\000o\000n\000\040\000e\000t\000\040\000V\000a\000l\000i\000d\000a\000t\000i\000o\000n\000\040\000F\000i\000n\000a\000l\000e}{}% 112
\BOOKMARK [1][-]{section.9.1}{\376\377\000P\000r\000e\000s\000e\000n\000t\000a\000t\000i\000o\000n\000\040\000d\000u\000\040\000S\000p\000r\000i\000n\000t}{chapter.9}% 113
\BOOKMARK [2][-]{subsection.9.1.1}{\376\377\000O\000b\000j\000e\000c\000t\000i\000f\000s}{section.9.1}% 114
\BOOKMARK [1][-]{section.9.2}{\376\377\000S\000p\000r\000i\000n\000t\000\040\000B\000a\000c\000k\000l\000o\000g}{chapter.9}% 115
\BOOKMARK [1][-]{section.9.3}{\376\377\000A\000n\000a\000l\000y\000s\000e\000\040\000e\000t\000\040\000C\000o\000n\000c\000e\000p\000t\000i\000o\000n}{chapter.9}% 116
\BOOKMARK [2][-]{subsection.9.3.1}{\376\377\000D\000i\000a\000g\000r\000a\000m\000m\000e\000\040\000d\000e\000\040\000C\000a\000s\000\040\000d\000'\000U\000t\000i\000l\000i\000s\000a\000t\000i\000o\000n}{section.9.3}% 117
\BOOKMARK [2][-]{subsection.9.3.2}{\376\377\000D\000i\000a\000g\000r\000a\000m\000m\000e\000\040\000d\000e\000\040\000C\000l\000a\000s\000s\000e\000s}{section.9.3}% 118
\BOOKMARK [2][-]{subsection.9.3.3}{\376\377\000D\000i\000a\000g\000r\000a\000m\000m\000e\000\040\000d\000e\000\040\000S\000e\000q\000u\000e\000n\000c\000e}{section.9.3}% 119
\BOOKMARK [1][-]{section.9.4}{\376\377\000R\000e\000a\000l\000i\000s\000a\000t\000i\000o\000n}{chapter.9}% 120
\BOOKMARK [2][-]{subsection.9.4.1}{\376\377\000C\000h\000a\000t\000\040\000e\000n\000\040\000T\000e\000m\000p\000s\000\040\000R\000e\000e\000l}{section.9.4}% 121
\BOOKMARK [2][-]{subsection.9.4.2}{\376\377\000S\000u\000i\000v\000i\000\040\000d\000e\000\040\000L\000i\000v\000r\000a\000i\000s\000o\000n}{section.9.4}% 122
\BOOKMARK [1][-]{section.9.5}{\376\377\000V\000a\000l\000i\000d\000a\000t\000i\000o\000n\000\040\000F\000i\000n\000a\000l\000e}{chapter.9}% 123
\BOOKMARK [1][-]{section.9.6}{\376\377\000B\000i\000l\000a\000n\000\040\000d\000u\000\040\000S\000p\000r\000i\000n\000t}{chapter.9}% 124
\BOOKMARK [0][-]{chapter.10}{\376\377\000T\000e\000s\000t\000s\000\040\000e\000t\000\040\000V\000a\000l\000i\000d\000a\000t\000i\000o\000n}{}% 125
\BOOKMARK [1][-]{section.10.1}{\376\377\000I\000n\000t\000r\000o\000d\000u\000c\000t\000i\000o\000n}{chapter.10}% 126
\BOOKMARK [1][-]{section.10.2}{\376\377\000S\000t\000r\000a\000t\000e\000g\000i\000e\000\040\000d\000e\000\040\000T\000e\000s\000t\000s}{chapter.10}% 127
\BOOKMARK [2][-]{subsection.10.2.1}{\376\377\000P\000y\000r\000a\000m\000i\000d\000e\000\040\000d\000e\000s\000\040\000T\000e\000s\000t\000s}{section.10.2}% 128
\BOOKMARK [1][-]{section.10.3}{\376\377\000T\000e\000s\000t\000s\000\040\000U\000n\000i\000t\000a\000i\000r\000e\000s}{chapter.10}% 129
\BOOKMARK [2][-]{subsection.10.3.1}{\376\377\000B\000a\000c\000k\000e\000n\000d\000\040\000-\000\040\000J\000U\000n\000i\000t\000\040\000e\000t\000\040\000M\000o\000c\000k\000i\000t\000o}{section.10.3}% 130
\BOOKMARK [2][-]{subsection.10.3.2}{\376\377\000F\000r\000o\000n\000t\000e\000n\000d\000\040\000-\000\040\000J\000a\000s\000m\000i\000n\000e\000\040\000e\000t\000\040\000K\000a\000r\000m\000a}{section.10.3}% 131
\BOOKMARK [2][-]{subsection.10.3.3}{\376\377\000M\000o\000d\000u\000l\000e\000\040\000I\000A\000\040\000-\000\040\000P\000y\000t\000e\000s\000t}{section.10.3}% 132
\BOOKMARK [1][-]{section.10.4}{\376\377\000T\000e\000s\000t\000s\000\040\000d\000'\000I\000n\000t\000e\000g\000r\000a\000t\000i\000o\000n}{chapter.10}% 133
\BOOKMARK [2][-]{subsection.10.4.1}{\376\377\000T\000e\000s\000t\000s\000\040\000A\000P\000I}{section.10.4}% 134
\BOOKMARK [2][-]{subsection.10.4.2}{\376\377\000T\000e\000s\000t\000s\000\040\000a\000v\000e\000c\000\040\000P\000o\000s\000t\000m\000a\000n}{section.10.4}% 135
\BOOKMARK [1][-]{section.10.5}{\376\377\000T\000e\000s\000t\000s\000\040\000d\000'\000A\000c\000c\000e\000p\000t\000a\000t\000i\000o\000n\000\040\000U\000t\000i\000l\000i\000s\000a\000t\000e\000u\000r}{chapter.10}% 136
\BOOKMARK [2][-]{subsection.10.5.1}{\376\377\000S\000c\000e\000n\000a\000r\000i\000o\000s\000\040\000d\000e\000\040\000T\000e\000s\000t}{section.10.5}% 137
\BOOKMARK [1][-]{section.10.6}{\376\377\000C\000o\000u\000v\000e\000r\000t\000u\000r\000e\000\040\000d\000e\000\040\000C\000o\000d\000e}{chapter.10}% 138
\BOOKMARK [1][-]{section.10.7}{\376\377\000V\000a\000l\000i\000d\000a\000t\000i\000o\000n\000\040\000d\000e\000s\000\040\000F\000o\000n\000c\000t\000i\000o\000n\000n\000a\000l\000i\000t\000e\000s}{chapter.10}% 139
\BOOKMARK [1][-]{section.10.8}{\376\377\000C\000o\000n\000c\000l\000u\000s\000i\000o\000n}{chapter.10}% 140
\BOOKMARK [0][-]{chapter.11}{\376\377\000C\000o\000n\000c\000l\000u\000s\000i\000o\000n\000\040\000e\000t\000\040\000P\000e\000r\000s\000p\000e\000c\000t\000i\000v\000e\000s}{}% 141
\BOOKMARK [1][-]{section.11.1}{\376\377\000S\000y\000n\000t\000h\000\350\000s\000e\000\040\000d\000e\000s\000\040\000R\000\351\000a\000l\000i\000s\000a\000t\000i\000o\000n\000s}{chapter.11}% 142
\BOOKMARK [2][-]{subsection.11.1.1}{\376\377\000O\000b\000j\000e\000c\000t\000i\000f\000s\000\040\000A\000t\000t\000e\000i\000n\000t\000s}{section.11.1}% 143
\BOOKMARK [2][-]{subsection.11.1.2}{\376\377\000M\000\351\000t\000r\000i\000q\000u\000e\000s\000\040\000d\000u\000\040\000P\000r\000o\000j\000e\000t}{section.11.1}% 144
\BOOKMARK [2][-]{subsection.11.1.3}{\376\377\000F\000o\000n\000c\000t\000i\000o\000n\000n\000a\000l\000i\000t\000\351\000s\000\040\000C\000l\000\351\000s\000\040\000D\000\351\000v\000e\000l\000o\000p\000p\000\351\000e\000s}{section.11.1}% 145
\BOOKMARK [1][-]{section.11.2}{\376\377\000D\000\351\000f\000i\000s\000\040\000T\000e\000c\000h\000n\000i\000q\000u\000e\000s\000\040\000S\000u\000r\000m\000o\000n\000t\000\351\000s}{chapter.11}% 146
\BOOKMARK [2][-]{subsection.11.2.1}{\376\377\000D\000\351\000f\000i\000s\000\040\000M\000a\000j\000e\000u\000r\000s}{section.11.2}% 147
\BOOKMARK [1][-]{section.11.3}{\376\377\000L\000i\000m\000i\000t\000a\000t\000i\000o\000n\000s\000\040\000A\000c\000t\000u\000e\000l\000l\000e\000s}{chapter.11}% 148
\BOOKMARK [1][-]{section.11.4}{\376\377\000P\000e\000r\000s\000p\000e\000c\000t\000i\000v\000e\000s\000\040\000d\000'\000A\000m\000\351\000l\000i\000o\000r\000a\000t\000i\000o\000n}{chapter.11}% 149
\BOOKMARK [2][-]{subsection.11.4.1}{\376\377\000C\000o\000u\000r\000t\000\040\000T\000e\000r\000m\000e\000\040\000\050\0003\000-\0006\000\040\000m\000o\000i\000s\000\051}{section.11.4}% 150
\BOOKMARK [2][-]{subsection.11.4.2}{\376\377\000M\000o\000y\000e\000n\000\040\000T\000e\000r\000m\000e\000\040\000\050\0006\000-\0001\0002\000\040\000m\000o\000i\000s\000\051}{section.11.4}% 151
\BOOKMARK [2][-]{subsection.11.4.3}{\376\377\000L\000o\000n\000g\000\040\000T\000e\000r\000m\000e\000\040\000\050\0001\0002\000+\000\040\000m\000o\000i\000s\000\051}{section.11.4}% 152
\BOOKMARK [1][-]{section.11.5}{\376\377\000C\000o\000m\000p\000\351\000t\000e\000n\000c\000e\000s\000\040\000A\000c\000q\000u\000i\000s\000e\000s}{chapter.11}% 153
\BOOKMARK [2][-]{subsection.11.5.1}{\376\377\000C\000o\000m\000p\000\351\000t\000e\000n\000c\000e\000s\000\040\000T\000e\000c\000h\000n\000i\000q\000u\000e\000s}{section.11.5}% 154
\BOOKMARK [2][-]{subsection.11.5.2}{\376\377\000C\000o\000m\000p\000\351\000t\000e\000n\000c\000e\000s\000\040\000M\000\351\000t\000h\000o\000d\000o\000l\000o\000g\000i\000q\000u\000e\000s}{section.11.5}% 155
\BOOKMARK [2][-]{subsection.11.5.3}{\376\377\000C\000o\000m\000p\000\351\000t\000e\000n\000c\000e\000s\000\040\000T\000r\000a\000n\000s\000v\000e\000r\000s\000a\000l\000e\000s}{section.11.5}% 156
\BOOKMARK [1][-]{section.11.6}{\376\377\000C\000o\000n\000c\000l\000u\000s\000i\000o\000n\000\040\000G\000\351\000n\000\351\000r\000a\000l\000e}{chapter.11}% 157
\BOOKMARK [0][-]{appendix.A}{\376\377\000A\000n\000n\000e\000x\000e\000\040\000A\000\040\000:\000\040\000S\000c\000h\000e\000m\000a\000\040\000d\000e\000\040\000B\000a\000s\000e\000\040\000d\000e\000\040\000D\000o\000n\000n\000e\000e\000s}{}% 158
\BOOKMARK [1][-]{section.A.1}{\376\377\000D\000i\000a\000g\000r\000a\000m\000m\000e\000\040\000E\000n\000t\000i\000t\000e\000-\000R\000e\000l\000a\000t\000i\000o\000n}{appendix.A}% 159
\BOOKMARK [1][-]{section.A.2}{\376\377\000D\000e\000s\000c\000r\000i\000p\000t\000i\000o\000n\000\040\000d\000e\000s\000\040\000T\000a\000b\000l\000e\000s\000\040\000P\000r\000i\000n\000c\000i\000p\000a\000l\000e\000s}{appendix.A}% 160
\BOOKMARK [2][-]{subsection.A.2.1}{\376\377\000T\000a\000b\000l\000e\000\040\000U\000s\000e\000r\000s}{section.A.2}% 161
\BOOKMARK [2][-]{subsection.A.2.2}{\376\377\000T\000a\000b\000l\000e\000\040\000P\000r\000o\000d\000u\000c\000t\000s}{section.A.2}% 162
\BOOKMARK [2][-]{subsection.A.2.3}{\376\377\000T\000a\000b\000l\000e\000\040\000O\000r\000d\000e\000r\000s}{section.A.2}% 163
\BOOKMARK [0][-]{appendix.B}{\376\377\000A\000n\000n\000e\000x\000e\000\040\000B\000\040\000:\000\040\000G\000u\000i\000d\000e\000\040\000d\000'\000I\000n\000s\000t\000a\000l\000l\000a\000t\000i\000o\000n}{}% 164
\BOOKMARK [1][-]{section.B.1}{\376\377\000P\000r\000e\000r\000e\000q\000u\000i\000s}{appendix.B}% 165
\BOOKMARK [1][-]{section.B.2}{\376\377\000I\000n\000s\000t\000a\000l\000l\000a\000t\000i\000o\000n\000\040\000d\000u\000\040\000B\000a\000c\000k\000e\000n\000d}{appendix.B}% 166
\BOOKMARK [1][-]{section.B.3}{\376\377\000I\000n\000s\000t\000a\000l\000l\000a\000t\000i\000o\000n\000\040\000d\000u\000\040\000F\000r\000o\000n\000t\000e\000n\000d}{appendix.B}% 167
\BOOKMARK [1][-]{section.B.4}{\376\377\000I\000n\000s\000t\000a\000l\000l\000a\000t\000i\000o\000n\000\040\000d\000u\000\040\000M\000o\000d\000u\000l\000e\000\040\000I\000A}{appendix.B}% 168
